<?xml version="1.0" encoding="UTF-8"?>
<testng-results skipped="0" failed="0" ignored="0" total="2" passed="2">
  <reporter-output>
  </reporter-output>
  <suite name="Default suite" duration-ms="24899" started-at="2020-01-02T07:59:45Z" finished-at="2020-01-02T08:00:10Z">
    <groups>
    </groups>
    <test name="Default test" duration-ms="24899" started-at="2020-01-02T07:59:45Z" finished-at="2020-01-02T08:00:10Z">
      <class name="SelniCmd.Annnot">
        <test-method status="PASS" signature="launch()[pri:0, instance:SelniCmd.Annnot@62ee68d8]" name="launch" is-config="true" duration-ms="12479" started-at="2020-01-02T07:59:45Z" finished-at="2020-01-02T07:59:58Z">
          <reporter-output>
          </reporter-output>
        </test-method> <!-- launch -->
        <test-method status="PASS" signature="verifyLogin(java.lang.String, java.lang.String)[pri:0, instance:SelniCmd.Annnot@62ee68d8]" name="verifyLogin" duration-ms="2032" started-at="2020-01-02T07:59:58Z" data-provider="TestData" finished-at="2020-01-02T08:00:00Z">
          <params>
            <param index="0">
              <value>
                <![CDATA[rakhesh07]]>
              </value>
            </param>
            <param index="1">
              <value>
                <![CDATA[yakesh07]]>
              </value>
            </param>
          </params>
          <reporter-output>
          </reporter-output>
        </test-method> <!-- verifyLogin -->
        <test-method status="PASS" signature="launch()[pri:0, instance:SelniCmd.Annnot@62ee68d8]" name="launch" is-config="true" duration-ms="8993" started-at="2020-01-02T08:00:00Z" finished-at="2020-01-02T08:00:09Z">
          <reporter-output>
          </reporter-output>
        </test-method> <!-- launch -->
        <test-method status="PASS" signature="verifyLogin(java.lang.String, java.lang.String)[pri:0, instance:SelniCmd.Annnot@62ee68d8]" name="verifyLogin" duration-ms="1345" started-at="2020-01-02T08:00:09Z" data-provider="TestData" finished-at="2020-01-02T08:00:10Z">
          <params>
            <param index="0">
              <value>
                <![CDATA[rakhesh07]]>
              </value>
            </param>
            <param index="1">
              <value>
                <![CDATA[yakesh07]]>
              </value>
            </param>
          </params>
          <reporter-output>
          </reporter-output>
        </test-method> <!-- verifyLogin -->
      </class> <!-- SelniCmd.Annnot -->
    </test> <!-- Default test -->
  </suite> <!-- Default suite -->
</testng-results>
